current directory: /home/hp/Desktop/rails-restartproject/.gems/ruby/3.2.0/gems/puma-5.6.7/ext/puma_http11
/usr/share/rvm/rubies/ruby-3.2.2/bin/ruby extconf.rb
using OpenSSL pkgconfig (openssl.pc)
checking for openssl/bio.h... yes
checking for DTLS_method() in openssl/ssl.h... yes
checking for TLS_server_method() in openssl/ssl.h... yes
checking for SSL_CTX_set_min_proto_version(NULL, 0) in openssl/ssl.h... yes
checking for X509_STORE_up_ref()... yes
checking for SSL_CTX_set_ecdh_auto(NULL, 0) in openssl/ssl.h... yes
checking for SSL_CTX_set_dh_auto(NULL, 0) in openssl/ssl.h... yes
checking for SSL_get1_peer_certificate() in openssl/ssl.h... yes
checking for Random.bytes... yes
creating Makefile

current directory: /home/hp/Desktop/rails-restartproject/.gems/ruby/3.2.0/gems/puma-5.6.7/ext/puma_http11
make DESTDIR\= sitearchdir\=./.gem.20230828-4930-v2mrtm sitelibdir\=./.gem.20230828-4930-v2mrtm clean

current directory: /home/hp/Desktop/rails-restartproject/.gems/ruby/3.2.0/gems/puma-5.6.7/ext/puma_http11
make DESTDIR\= sitearchdir\=./.gem.20230828-4930-v2mrtm sitelibdir\=./.gem.20230828-4930-v2mrtm
compiling http11_parser.c
compiling mini_ssl.c
compiling puma_http11.c
linking shared-object puma/puma_http11.so

current directory: /home/hp/Desktop/rails-restartproject/.gems/ruby/3.2.0/gems/puma-5.6.7/ext/puma_http11
make DESTDIR\= sitearchdir\=./.gem.20230828-4930-v2mrtm sitelibdir\=./.gem.20230828-4930-v2mrtm install
/usr/bin/install -m 0755 puma_http11.so ./.gem.20230828-4930-v2mrtm/puma

current directory: /home/hp/Desktop/rails-restartproject/.gems/ruby/3.2.0/gems/puma-5.6.7/ext/puma_http11
make DESTDIR\= sitearchdir\=./.gem.20230828-4930-v2mrtm sitelibdir\=./.gem.20230828-4930-v2mrtm clean
